1
 *****************************************************************************************************************************
 *****************************************************************************************************************************
 **************************************************                         **************************************************
 **************************************************          GOSIA          **************************************************
 **************************************************                         **************************************************
 *****************************************************************************************************************************
 *****************************************************************************************************************************





                    ROCHESTER COULOMB EXCITATION DATA ANALYSIS CODE BY T.CZOSNYKA,D.CLINE AND C.Y.WU
                                                  VERSION: 20081208.18






               Coulomb excitation of 82Kr on a 196Pt target                               
          ----------------------------------------------------------------------------------------------------

                                        LEVELS

     INDEX     PARITY         SPIN           ENERGY(MEV)
       1           +           0.0            0.0000
       2           +           2.0            0.6166
       3           +           2.0            1.2562
       4           +           0.0            1.3205
       5           +           4.0            1.4361
       6           +           3.0            1.7880
       7           +           4.0            2.1459
       8           +           6.0            2.3921
       9           +           3.0            2.4392

                                        MATRIX ELEMENTS


     MULTIPOLARITY=2
    INDEX   NF     NS          ME               LIMITS
       1      1      2        0.72625        0.50000        0.75000
       2      1      3        0.06305        0.00010        0.50000
       3      2      2       -0.66780       -1.00000        0.40000
       4      2      3        0.59529        0.10000        0.80000
       5      2      4        0.17564        0.01000        1.50000
       6      2      5        0.96796        0.70000        1.50000
       7      5      5       -0.13050       -1.00000        1.00000
     MULTIPOLARITY=7
    INDEX   NF     NS          ME               LIMITS
       8      2      3        0.05342        0.00100        0.50000


       49 EXPERIMENTAL YIELDS            8 MATRIX ELEMENTS TO BE VARIED



                                        BRANCHING RATIOS

     NS1     NF1     NS2     NF2     RATIO(1:2)         ERROR
      3       1       3       2        0.32200       -0.02200      0.02200
     BRANCHING RATIOS ARE TAKEN WITH WEIGHT    0.100000E+01


                    EXPERIMENTAL E2/M1 MIXING RATIOS


          TRANSITION            DELTA          ERROR

           3---  2                6.0000          -1.0000      1.0000

          E2/M1 MIXING RATIOS ARE TAKEN WITH WEIGHT    0.100000E+01



     *****  RESTART-MATRIX ELEMENTS OVERWRITTEN  *****




                                        MATRIX ELEMENTS


     MULTIPOLARITY=2
    INDEX   NF     NS          ME               LIMITS
       1      1      2        0.67599        0.50000        0.75000
       2      1      3        0.08601        0.00010        0.50000
       3      2      2       -0.63918       -1.00000        0.40000
       4      2      3        0.76635        0.10000        0.80000
       5      2      4        0.20762        0.01000        1.50000
       6      2      5        0.93259        0.70000        1.50000
       7      5      5        0.43178       -1.00000        1.00000
     MULTIPOLARITY=7
    INDEX   NF     NS          ME               LIMITS
       8      2      3        0.16600        0.00100        0.50000


                                                  CALCULATED YIELDS

     EXPERIMENT  1  DETECTOR  1
     ENERGY    323.600 MEV  THETA  24.350 DEG

     NI     NF     II     IF     YIELD     NORMALIZED YIELD

      5      2    4.0    2.0          74.389947266724391283787554129958152770996093750000000000000000        0.95227E-02
      4      2    0.0    2.0           0.702457444010029519176896428689360618591308593750000000000000        0.89922E-04
      3      1    2.0    0.0          11.781674850167274115619875374250113964080810546875000000000000        0.15082E-02
      3      2    2.0    2.0          37.330531020049825485784822376444935798645019531250000000000000        0.47787E-02
      2      1    2.0    0.0        7811.830602410615028929896652698516845703125000000000000000000000        0.10000E+01


                                                  CALCULATED YIELDS

     EXPERIMENT  2  DETECTOR  1
     ENERGY    323.600 MEV  THETA  30.100 DEG

     NI     NF     II     IF     YIELD     NORMALIZED YIELD

      5      2    4.0    2.0         176.493508454061782231292454525828361511230468750000000000000000        0.21057E-01
      4      2    0.0    2.0           2.597405789521098906647011972381733357906341552734375000000000        0.30988E-03
      3      1    2.0    0.0          23.151716758425472164617531234398484230041503906250000000000000        0.27621E-02
      3      2    2.0    2.0          73.389792245404279924514412414282560348510742187500000000000000        0.87558E-02
      2      1    2.0    0.0        8381.891747833195040584541857242584228515625000000000000000000000        0.10000E+01


                                                  CALCULATED YIELDS

     EXPERIMENT  3  DETECTOR  1
     ENERGY    323.600 MEV  THETA  35.650 DEG

     NI     NF     II     IF     YIELD     NORMALIZED YIELD

      5      2    4.0    2.0         306.059107373911103877617279067635536193847656250000000000000000        0.37148E-01
      4      2    0.0    2.0           6.279087497074046453349183138925582170486450195312500000000000        0.76213E-03
      3      1    2.0    0.0          36.874757031778706561908620642498135566711425781250000000000000        0.44757E-02
      3      2    2.0    2.0         117.068059771637635435581614729017019271850585937500000000000000        0.14209E-01
      2      1    2.0    0.0        8238.900309724411272327415645122528076171875000000000000000000000        0.10000E+01


                                                  CALCULATED YIELDS

     EXPERIMENT  4  DETECTOR  1
     ENERGY    323.600 MEV  THETA  40.500 DEG

     NI     NF     II     IF     YIELD     NORMALIZED YIELD

      5      2    4.0    2.0         426.654998539513428568170638754963874816894531250000000000000000        0.55061E-01
      4      2    0.0    2.0          11.102401014105405252507807745132595300674438476562500000000000        0.14328E-02
      3      1    2.0    0.0          49.684332332270948029417922953143715858459472656250000000000000        0.64119E-02
      3      2    2.0    2.0         158.042425075712145599027280695736408233642578125000000000000000        0.20396E-01
      2      1    2.0    0.0        7748.764794691694987704977393150329589843750000000000000000000000        0.10000E+01


                                                  CALCULATED YIELDS

     EXPERIMENT  5  DETECTOR  1
     ENERGY    323.600 MEV  THETA  44.725 DEG

     NI     NF     II     IF     YIELD     NORMALIZED YIELD

      5      2    4.0    2.0         524.463165103874985106813255697488784790039062500000000000000000        0.73316E-01
      4      2    0.0    2.0          16.301089611978618165721854893490672111511230468750000000000000        0.22788E-02
      3      1    2.0    0.0          60.293309399321820762907009338960051536560058593750000000000000        0.84286E-02
      3      2    2.0    2.0         192.158195490326619392362772487103939056396484375000000000000000        0.26862E-01
      2      1    2.0    0.0        7153.456480334714797209016978740692138671875000000000000000000000        0.10000E+01


                                                  CALCULATED YIELDS

     EXPERIMENT  6  DETECTOR  1
     ENERGY    323.600 MEV  THETA  48.450 DEG

     NI     NF     II     IF     YIELD     NORMALIZED YIELD

      5      2    4.0    2.0         597.868581787583366349281277507543563842773437500000000000000000        0.91161E-01
      4      2    0.0    2.0          21.346550421772860772762214764952659606933593750000000000000000        0.32548E-02
      3      1    2.0    0.0          68.492660431611128046824887860566377639770507812500000000000000        0.10444E-01
      3      2    2.0    2.0         218.661811451212116708120447583496570587158203125000000000000000        0.33341E-01
      2      1    2.0    0.0        6558.382571670565994281787425279617309570312500000000000000000000        0.10000E+01


                                                  CALCULATED YIELDS

     EXPERIMENT  7  DETECTOR  1
     ENERGY    323.600 MEV  THETA  24.632 DEG

     NI     NF     II     IF     YIELD     NORMALIZED YIELD

      5      2    4.0    2.0         567.792715376815408490074332803487777709960937500000000000000000        0.29591E+00
      4      2    0.0    2.0          62.425834946958055127197440015152096748352050781250000000000000        0.32534E-01
      3      1    2.0    0.0          77.833345578012838927861594129353761672973632812500000000000000        0.40564E-01
      3      2    2.0    2.0         245.360464621996385403690510429441928863525390625000000000000000        0.12787E+00
      2      1    2.0    0.0        1918.783091553802250928129069507122039794921875000000000000000000        0.10000E+01


                                                  CALCULATED YIELDS

     EXPERIMENT  8  DETECTOR  1
     ENERGY    323.600 MEV  THETA  30.922 DEG

     NI     NF     II     IF     YIELD     NORMALIZED YIELD

      5      2    4.0    2.0         808.793017728893914863874670118093490600585937500000000000000000        0.28703E+00
      4      2    0.0    2.0          76.431883384159249317235662601888179779052734375000000000000000        0.27125E-01
      3      1    2.0    0.0         105.315699645622089519747532904148101806640625000000000000000000        0.37376E-01
      3      2    2.0    2.0         334.873542344241400314786005765199661254882812500000000000000000        0.11884E+00
      2      1    2.0    0.0        2817.752422643925001466413959860801696777343750000000000000000000        0.10000E+01


                                                  CALCULATED YIELDS

     EXPERIMENT  9  DETECTOR  1
     ENERGY    323.600 MEV  THETA  36.531 DEG

     NI     NF     II     IF     YIELD     NORMALIZED YIELD

      5      2    4.0    2.0        1016.101067588827390864025801420211791992187500000000000000000000        0.26073E+00
      4      2    0.0    2.0          82.154278658820643954641127493232488632202148437500000000000000        0.21081E-01
      3      1    2.0    0.0         126.886110962653603451144590508192777633666992187500000000000000        0.32559E-01
      3      2    2.0    2.0         405.721607560944278247916372492909431457519531250000000000000000        0.10411E+00
      2      1    2.0    0.0        3897.098394424514935963088646531105041503906250000000000000000000        0.10000E+01


                                                  CALCULATED YIELDS

     EXPERIMENT 10  DETECTOR  1
     ENERGY    323.600 MEV  THETA  41.371 DEG

     NI     NF     II     IF     YIELD     NORMALIZED YIELD

      5      2    4.0    2.0        1149.047791351414844029932282865047454833984375000000000000000000        0.22577E+00
      4      2    0.0    2.0          79.664818541585688649320218246430158615112304687500000000000000        0.15653E-01
      3      1    2.0    0.0         139.020381684121048238012008368968963623046875000000000000000000        0.27315E-01
      3      2    2.0    2.0         445.716451360542976090073352679610252380371093750000000000000000        0.87576E-01
      2      1    2.0    0.0        5089.472204018734373676124960184097290039062500000000000000000000        0.10000E+01


                                                  CALCULATED YIELDS

     EXPERIMENT 11  DETECTOR  1
     ENERGY    323.600 MEV  THETA  44.027 DEG

     NI     NF     II     IF     YIELD     NORMALIZED YIELD

      5      2    4.0    2.0        1189.835039416135259671136736869812011718750000000000000000000000        0.20325E+00
      4      2    0.0    2.0          75.146083601779594118852401152253150939941406250000000000000000        0.12837E-01
      3      1    2.0    0.0         141.789508284190560516435652971267700195312500000000000000000000        0.24221E-01
      3      2    2.0    2.0         454.851870120229364147235173732042312622070312500000000000000000        0.77700E-01
      2      1    2.0    0.0        5853.911807470526582619640976190567016601562500000000000000000000        0.10000E+01


                                                  CALCULATED YIELDS

     EXPERIMENT 12  DETECTOR  1
     ENERGY    323.600 MEV  THETA  47.630 DEG

     NI     NF     II     IF     YIELD     NORMALIZED YIELD

      5      2    4.0    2.0        1196.861818158755568219930864870548248291015625000000000000000000        0.17083E+00
      4      2    0.0    2.0          65.829178994830343185640231240540742874145507812500000000000000        0.93960E-02
      3      1    2.0    0.0         140.143826445516339163077645935118198394775390625000000000000000        0.20003E-01
      3      2    2.0    2.0         449.469733613377513847808586433529853820800781250000000000000000        0.64154E-01
      2      1    2.0    0.0        7006.073170667252270504832267761230468750000000000000000000000000        0.10000E+01


                                                  CALCULATED YIELDS

     EXPERIMENT 13  DETECTOR  1
     ENERGY    323.600 MEV  THETA 144.250 DEG

     NI     NF     II     IF     YIELD     NORMALIZED YIELD

      5      2    4.0    2.0          59.316679773783775431184039916843175888061523437500000000000000        0.26831E+00
      4      2    0.0    2.0           8.356501209735364810171631688717752695083618164062500000000000        0.37800E-01
      3      1    2.0    0.0           9.064687652210997370616496482398360967636108398437500000000000        0.41003E-01
      3      2    2.0    2.0          28.005074354374688283542127464897930622100830078125000000000000        0.12668E+00
      2      1    2.0    0.0         221.072398795084524181220331229269504547119140625000000000000000        0.10000E+01


          E2/M1 MIXING RATIOS
          TRANSITION          EXP.DELTA          CALC.DELTA          SIGMA

           3---  2                6.00               2.46             -3.54


                    CALCULATED LIFETIMES

     LEVEL     LIFETIME(PSEC)     EXP        ERROR

        2       0.1001E+02
        3       0.4230E+01
        4       0.1095E+02
        5       0.2284E+01
        6       -.1000E+01
        7       -.1000E+01
        8       -.1000E+01
        9       -.1000E+01
               ********* END OF EXECUTION **********
