   12.308105967491755     
  0.11751982347412732     
   1.9563769145973400     
   6.1858751199571627     
   1380.2788528600233     
   27.891058776568197     
  0.41332451684401000     
   3.6517361103927151     
   11.555324095200350     
   1358.6036436514528     
   42.634018358758077     
  0.86531943227080765     
   5.1391831217134234     
   16.280726982417729     
   1189.9543462763575     
   52.167159210477116     
   1.3348257609154202     
   6.0784113994641595     
   19.287979553526288     
   985.19918896060778     
   55.431988216970986     
   1.6908095777876309     
   6.3774089459422969     
   20.267936540335040     
   785.68658009662101     
   55.933943452532894     
   1.9579862372749153     
   6.4132828895107261     
   20.413003635957732     
   638.84505771550869     
   97.102219045053815     
   10.757999835559366     
   13.486847457425798     
   42.406570510861236     
   341.28190209606595     
   124.42738981868519     
   11.874618376689135     
   16.393162601793318     
   51.968775265952836     
   449.72770213063887     
   139.21984142403420     
   11.394683828448187     
   17.572550009552124     
   55.977652536315070     
   548.98184078971383     
   139.48388035205988     
   9.7999599338633026     
   17.029715048774751     
   54.385755132239780     
   628.96490691193310     
   127.03126540262407     
   7.6748998055658655     
   15.132550675833299     
   48.343398468650371     
   676.15935043236311     
   111.55745348975313     
   5.8206805892902906     
   13.049996566028840     
   41.684365550325644     
   715.45569650615937     
   50.771520447611671     
   7.0669070182637483     
   7.8007570931041954     
   24.143471496901451     
   192.23077274922670     
