   1.7290466899141640E-002
   2.6019543988057146E-002
   15.240574427575325     
   3.9764297233302028     
   1220.6434639747351     
   5.8557664891499626E-002
   8.8120450406621434E-002
   29.637203182826422     
   8.3603222980086205     
   1149.4241545590287     
  0.12529913343275373     
  0.18855628965899196     
   42.734199987195375     
   12.819839622212932     
   1009.3204599401307     
  0.20441585380025315     
  0.30761501598703878     
   51.427766561826587     
   16.233725390507558     
   853.94920738935559     
  0.27838756981630225     
  0.41893128716799355     
   54.742242386123252     
   18.053747158743118     
   700.90839986878029     
  0.34851990288037338     
  0.52446987038512238     
   55.797271312282703     
   19.104749117776596     
   587.26373555802115     
   8.1887553517953311     
   12.322846084143256     
   141.46495756854301     
   82.098177751602833     
   483.34965492028505     
   7.0254812891162723     
   10.572292411678854     
   166.51460527663832     
   88.069580197030220     
   602.53870376965904     
   5.2671985432685950     
   7.9263406903910107     
   173.27561220101680     
   83.870290905408524     
   690.00081222487290     
   3.6096675932101037     
   5.4320058198876886     
   163.42657932500373     
   73.035777366276093     
   739.77889399365267     
   2.3098278309814959     
   3.4759426500274007     
   141.54067072833365     
   58.966619461438363     
   745.81043239361134     
   1.4722505093882150     
   2.2155149837496677     
   119.37921697074982     
   46.783136725521111     
   744.29985046608306     
   7.8431284997129218     
   11.802731658223470     
   87.428504341269786     
   58.460326194801489     
   291.99125097360053     
