1
 *****************************************************************************************************************************
 *****************************************************************************************************************************
 **************************************************                         **************************************************
 **************************************************          GOSIA          **************************************************
 **************************************************                         **************************************************
 *****************************************************************************************************************************
 *****************************************************************************************************************************





                    ROCHESTER COULOMB EXCITATION DATA ANALYSIS CODE BY T.CZOSNYKA,D.CLINE AND C.Y.WU
                                                  VERSION: 20081208.18






               Coulomb excitation of 196Pt target with 80Kr beam                          
          ----------------------------------------------------------------------------------------------------

                                        LEVELS

     INDEX     PARITY         SPIN           ENERGY(MEV)
       1           +           0.0            0.0000
       2           +           2.0            0.3557
       3           +           2.0            0.6887
       4           +           4.0            0.8769
       5           +           3.0            1.0150
       6           +           0.0            1.1353
       7           +           5.0            1.2702
       8           +           4.0            1.2933
       9           +           2.0            1.3616

                                        MATRIX ELEMENTS


     MULTIPOLARITY=2
    INDEX   NF     NS          ME               LIMITS
       1      1      2        1.17200        1.00000        1.50000
       2      2      2        0.83000        0.50000        1.00000
       3      2      3        1.36000        1.00000        3.00000
       4      2      4        1.91000        1.50000        2.50000
       5      2      6        0.22880        0.05000        0.80000
       6      3      3       -0.51000       -0.80000       -0.10000
       7      3      6        1.13000        0.10000        1.80000
     MULTIPOLARITY=7
    INDEX   NF     NS          ME               LIMITS
       8      2      3        0.37600        0.10000        0.90000


       33 EXPERIMENTAL YIELDS            8 MATRIX ELEMENTS TO BE VARIED





                              EXPERIMENTAL MATRIX ELEMENT(S)


          TRANSITION          MAT.EL.          ERROR

           1---  2                1.1720          -0.0050      0.0050
           2---  2                0.8300          -0.0900      0.0900
           2---  3                1.3600          -0.0300      0.0300
           2---  4                1.9100          -0.0300      0.0300
           3---  3               -0.5100          -0.2100      0.2100
           2---  3                0.3760          -0.0300      0.0300

           MATRIX ELEMENT(S) ARE TAKEN WITH WEIGHT    0.100000E+01



     *****  RESTART-MATRIX ELEMENTS OVERWRITTEN  *****




                                        MATRIX ELEMENTS


     MULTIPOLARITY=2
    INDEX   NF     NS          ME               LIMITS
       1      1      2        1.17265        1.00000        1.50000
       2      2      2        0.92183        0.50000        1.00000
       3      2      3        1.36000        1.00000        3.00000
       4      2      4        1.91000        1.50000        2.50000
       5      2      6        0.22880        0.05000        0.80000
       6      3      3       -0.51000       -0.80000       -0.10000
       7      3      6        1.13000        0.10000        1.80000
     MULTIPOLARITY=7
    INDEX   NF     NS          ME               LIMITS
       8      2      3        0.37600        0.10000        0.90000


                                                  CALCULATED YIELDS

     EXPERIMENT  1  DETECTOR  1
     ENERGY    323.600 MEV  THETA  24.350 DEG

     NI     NF     II     IF     YIELD     NORMALIZED YIELD

      6      2    0.0    2.0           0.102982054366818981394615661884017754346132278442382812500000        0.15249E-04
      6      3    0.0    2.0           0.154972455403302317167302248890337068587541580200195312500000        0.22948E-04
      4      2    4.0    2.0          89.847935591168578639553743414580821990966796875000000000000000        0.13304E-01
      3      2    2.0    2.0          23.462848560407234543845333973877131938934326171875000000000000        0.34743E-02
      2      1    2.0    0.0        6753.318806180126557592302560806274414062500000000000000000000000        0.10000E+01


                                                  CALCULATED YIELDS

     EXPERIMENT  2  DETECTOR  1
     ENERGY    323.600 MEV  THETA  30.100 DEG

     NI     NF     II     IF     YIELD     NORMALIZED YIELD

      6      2    0.0    2.0           0.364526111101476979481361695434316061437129974365234375000000        0.52035E-04
      6      3    0.0    2.0           0.548556800367333230461497350916033610701560974121093750000000        0.78305E-04
      4      2    4.0    2.0         184.273996715811534841122920624911785125732421875000000000000000        0.26305E-01
      3      2    2.0    2.0          51.879093068746975347949046408757567405700683593750000000000000        0.74056E-02
      2      1    2.0    0.0        7005.359053149590181419625878334045410156250000000000000000000000        0.10000E+01


                                                  CALCULATED YIELDS

     EXPERIMENT  3  DETECTOR  1
     ENERGY    323.600 MEV  THETA  35.650 DEG

     NI     NF     II     IF     YIELD     NORMALIZED YIELD

      6      2    0.0    2.0           0.899035100023084510212356690317392349243164062500000000000000        0.12977E-03
      6      3    0.0    2.0           1.352912184447713439539029423031024634838104248046875000000000        0.19529E-03
      4      2    4.0    2.0         301.593356339780882535706041380763053894042968750000000000000000        0.43534E-01
      3      2    2.0    2.0          90.419591954549019874320947565138339996337890625000000000000000        0.13052E-01
      2      1    2.0    0.0        6927.778186467845443985424935817718505859375000000000000000000000        0.10000E+01


                                                  CALCULATED YIELDS

     EXPERIMENT  4  DETECTOR  1
     ENERGY    323.600 MEV  THETA  40.500 DEG

     NI     NF     II     IF     YIELD     NORMALIZED YIELD

      6      2    0.0    2.0           1.683429946246578046142872153723146766424179077148437500000000        0.25225E-03
      6      3    0.0    2.0           2.533308089483708336331346799852326512336730957031250000000000        0.37960E-03
      4      2    4.0    2.0         414.276686390069869503349764272570610046386718750000000000000000        0.62076E-01
      3      2    2.0    2.0         130.752959068257609942520502954721450805664062500000000000000000        0.19592E-01
      2      1    2.0    0.0        6673.657326733930858608800917863845825195312500000000000000000000        0.10000E+01


                                                  CALCULATED YIELDS

     EXPERIMENT  5  DETECTOR  1
     ENERGY    323.600 MEV  THETA  44.725 DEG

     NI     NF     II     IF     YIELD     NORMALIZED YIELD

      6      2    0.0    2.0           2.662356767089800513303998741321265697479248046875000000000000        0.41931E-03
      6      3    0.0    2.0           4.006445285956552915251904778415337204933166503906250000000000        0.63100E-03
      4      2    4.0    2.0         510.983913745615325296967057511210441589355468750000000000000000        0.80478E-01
      3      2    2.0    2.0         168.461737386076805478296591900289058685302734375000000000000000        0.26532E-01
      2      1    2.0    0.0        6349.375422169057856081053614616394042968750000000000000000000000        0.10000E+01


                                                  CALCULATED YIELDS

     EXPERIMENT  6  DETECTOR  1
     ENERGY    323.600 MEV  THETA  48.450 DEG

     NI     NF     II     IF     YIELD     NORMALIZED YIELD

      6      2    0.0    2.0           3.777769591138720350897983735194429755210876464843750000000000        0.62894E-03
      6      3    0.0    2.0           5.684973356717886616706891800276935100555419921875000000000000        0.94645E-03
      4      2    4.0    2.0         589.026278933345679433841723948717117309570312500000000000000000        0.98063E-01
      3      2    2.0    2.0         201.716541475737784594457480125129222869873046875000000000000000        0.33582E-01
      2      1    2.0    0.0        6006.609439581801780150271952152252197265625000000000000000000000        0.10000E+01


                                                  CALCULATED YIELDS

     EXPERIMENT  7  DETECTOR  1
     ENERGY    323.600 MEV  THETA  24.646 DEG

     NI     NF     II     IF     YIELD     NORMALIZED YIELD

      6      2    0.0    2.0          47.324863166076553966377105098217725753784179687500000000000000        0.17616E-01
      6      3    0.0    2.0          71.216806995864374130178475752472877502441406250000000000000000        0.26509E-01
      4      2    4.0    2.0         810.307707059159611162613146007061004638671875000000000000000000        0.30162E+00
      3      2    2.0    2.0         467.576464377953755047201411798596382141113281250000000000000000        0.17404E+00
      2      1    2.0    0.0        2686.546431473578195436857640743255615234375000000000000000000000        0.10000E+01


                                                  CALCULATED YIELDS

     EXPERIMENT  8  DETECTOR  1
     ENERGY    323.600 MEV  THETA  30.939 DEG

     NI     NF     II     IF     YIELD     NORMALIZED YIELD

      6      2    0.0    2.0          44.304004354460488457334577105939388275146484375000000000000000        0.11854E-01
      6      3    0.0    2.0          66.670861756444239176744304131716489791870117187500000000000000        0.17838E-01
      4      2    4.0    2.0        1059.343407341097872631507925689220428466796875000000000000000000        0.28344E+00
      3      2    2.0    2.0         554.893418236078218797047156840562820434570312500000000000000000        0.14847E+00
      2      1    2.0    0.0        3737.496591874938530963845551013946533203125000000000000000000000        0.10000E+01


                                                  CALCULATED YIELDS

     EXPERIMENT  9  DETECTOR  1
     ENERGY    323.600 MEV  THETA  36.551 DEG

     NI     NF     II     IF     YIELD     NORMALIZED YIELD

      6      2    0.0    2.0          36.733266520302429114508413476869463920593261718750000000000000        0.75775E-02
      6      3    0.0    2.0          55.278035469388619560504594119265675544738769531250000000000000        0.11403E-01
      4      2    4.0    2.0        1237.933869977656513583497144281864166259765625000000000000000000        0.25537E+00
      3      2    2.0    2.0         591.688484800228025051183067262172698974609375000000000000000000        0.12206E+00
      2      1    2.0    0.0        4847.667023119688565202523022890090942382812500000000000000000000        0.10000E+01


                                                  CALCULATED YIELDS

     EXPERIMENT 10  DETECTOR  1
     ENERGY    323.600 MEV  THETA  41.392 DEG

     NI     NF     II     IF     YIELD     NORMALIZED YIELD

      6      2    0.0    2.0          28.220096586846214137267452315427362918853759765625000000000000        0.47664E-02
      6      3    0.0    2.0          42.466993705464773256608168594539165496826171875000000000000000        0.71727E-02
      4      2    4.0    2.0        1318.881173968749408231815323233604431152343750000000000000000000        0.22276E+00
      3      2    2.0    2.0         581.554541936446980798791628330945968627929687500000000000000000        0.98226E-01
      2      1    2.0    0.0        5920.602319867251935647800564765930175781250000000000000000000000        0.10000E+01


                                                  CALCULATED YIELDS

     EXPERIMENT 11  DETECTOR  1
     ENERGY    323.600 MEV  THETA  44.050 DEG

     NI     NF     II     IF     YIELD     NORMALIZED YIELD

      6      2    0.0    2.0          23.400137509296509819023413001559674739837646484375000000000000        0.35779E-02
      6      3    0.0    2.0          35.213680372771825943800649838522076606750488281250000000000000        0.53841E-02
      4      2    4.0    2.0        1323.415919118622696259990334510803222656250000000000000000000000        0.20235E+00
      3      2    2.0    2.0         558.259384946282352757407352328300476074218750000000000000000000        0.85357E-01
      2      1    2.0    0.0        6540.270725023486193094868212938308715820312500000000000000000000        0.10000E+01


                                                  CALCULATED YIELDS

     EXPERIMENT 12  DETECTOR  1
     ENERGY    323.600 MEV  THETA  47.654 DEG

     NI     NF     II     IF     YIELD     NORMALIZED YIELD

      6      2    0.0    2.0          17.246784677620599524061617557890713214874267578125000000000000        0.23333E-02
      6      3    0.0    2.0          25.953810778142852200289780739694833755493164062500000000000000        0.35112E-02
      4      2    4.0    2.0        1278.276282394235749961808323860168457031250000000000000000000000        0.17293E+00
      3      2    2.0    2.0         507.936805820763424890174064785242080688476562500000000000000000        0.68717E-01
      2      1    2.0    0.0        7391.710827688102654065005481243133544921875000000000000000000000        0.10000E+01


                                                  CALCULATED YIELDS

     EXPERIMENT 13  DETECTOR  1
     ENERGY    323.600 MEV  THETA 144.250 DEG

     NI     NF     II     IF     YIELD     NORMALIZED YIELD

      6      2    0.0    2.0           9.837580630861832986511217313818633556365966796875000000000000        0.29735E-01
      6      3    0.0    2.0          14.804083129714637578899782965891063213348388671875000000000000        0.44746E-01
      4      2    4.0    2.0         102.156009315916875834773236420005559921264648437500000000000000        0.30877E+00
      3      2    2.0    2.0          69.206303387421911565979826264083385467529296875000000000000000        0.20918E+00
      2      1    2.0    0.0         330.845223972133283041330287232995033264160156250000000000000000        0.10000E+01


                    CALCULATED LIFETIMES

     LEVEL     LIFETIME(PSEC)     EXP        ERROR

        2       0.4813E+02
        3       0.2259E+02
        4       0.5126E+01
        5       -.1000E+01
        6       0.2108E+01
        7       -.1000E+01
        8       -.1000E+01
        9       -.1000E+01


CALCULATED AND EXPERIMENTAL MATRIX ELEMENTS


     NI NF  EXP. ME   CURRENT ME   SIGMA
      1   2    1.1720    1.1726    0.1300
      2   2    0.8300    0.9218    1.0204
      2   3    1.3600    1.3600    0.0000
      2   4    1.9100    1.9100    0.0000
      3   3   -0.5100   -0.5100    0.0000
      2   3    0.3760    0.3760    0.0000
               ********* END OF EXECUTION **********
